<?xml version="1.0" encoding="UTF-8"?>
<testng-results skipped="0" failed="0" total="1" passed="1">
  <reporter-output>
  </reporter-output>
  <suite name="Gradle suite" duration-ms="5279" started-at="2019-08-24T19:55:37Z" finished-at="2019-08-24T19:55:42Z">
    <groups>
    </groups>
    <test name="Gradle test" duration-ms="5279" started-at="2019-08-24T19:55:37Z" finished-at="2019-08-24T19:55:42Z">
      <class name="ru.nc.pdtb6.addressbook.GroupDeletion">
        <test-method status="PASS" signature="setUp()[pri:0, instance:ru.nc.pdtb6.addressbook.GroupDeletion@b8fa834]" name="setUp" is-config="true" duration-ms="3936" started-at="2019-08-24T22:55:37Z" finished-at="2019-08-24T22:55:41Z">
          <reporter-output>
          </reporter-output>
        </test-method> <!-- setUp -->
        <test-method status="PASS" signature="testGroupDeletion()[pri:0, instance:ru.nc.pdtb6.addressbook.GroupDeletion@b8fa834]" name="testGroupDeletion" duration-ms="629" started-at="2019-08-24T22:55:41Z" finished-at="2019-08-24T22:55:42Z">
          <reporter-output>
          </reporter-output>
        </test-method> <!-- testGroupDeletion -->
        <test-method status="PASS" signature="tearDown()[pri:0, instance:ru.nc.pdtb6.addressbook.GroupDeletion@b8fa834]" name="tearDown" is-config="true" duration-ms="697" started-at="2019-08-24T22:55:42Z" finished-at="2019-08-24T22:55:42Z">
          <reporter-output>
          </reporter-output>
        </test-method> <!-- tearDown -->
      </class> <!-- ru.nc.pdtb6.addressbook.GroupDeletion -->
    </test> <!-- Gradle test -->
  </suite> <!-- Gradle suite -->
</testng-results>
