<?xml version="1.0" encoding="UTF-8"?>
<testng-results skipped="0" failed="0" total="3" passed="3">
  <reporter-output>
  </reporter-output>
  <suite name="Gradle suite" duration-ms="29" started-at="2019-08-25T12:39:27Z" finished-at="2019-08-25T12:39:27Z">
    <groups>
    </groups>
    <test name="Gradle test" duration-ms="29" started-at="2019-08-25T12:39:27Z" finished-at="2019-08-25T12:39:27Z">
      <class name="ru.nc.pdtb6.sandbox.EquationTests">
        <test-method status="PASS" signature="test0()[pri:0, instance:ru.nc.pdtb6.sandbox.EquationTests@56d9d98e]" name="test0" duration-ms="14" started-at="2019-08-25T15:39:27Z" finished-at="2019-08-25T15:39:27Z">
          <reporter-output>
          </reporter-output>
        </test-method> <!-- test0 -->
        <test-method status="PASS" signature="test1()[pri:0, instance:ru.nc.pdtb6.sandbox.EquationTests@56d9d98e]" name="test1" duration-ms="0" started-at="2019-08-25T15:39:27Z" finished-at="2019-08-25T15:39:27Z">
          <reporter-output>
          </reporter-output>
        </test-method> <!-- test1 -->
        <test-method status="PASS" signature="test2()[pri:0, instance:ru.nc.pdtb6.sandbox.EquationTests@56d9d98e]" name="test2" duration-ms="1" started-at="2019-08-25T15:39:27Z" finished-at="2019-08-25T15:39:27Z">
          <reporter-output>
          </reporter-output>
        </test-method> <!-- test2 -->
      </class> <!-- ru.nc.pdtb6.sandbox.EquationTests -->
    </test> <!-- Gradle test -->
  </suite> <!-- Gradle suite -->
</testng-results>
