<?xml version="1.0" encoding="UTF-8"?>
<testng-results skipped="0" failed="0" total="1" passed="1">
  <reporter-output>
  </reporter-output>
  <suite name="Gradle suite" duration-ms="28" started-at="2019-08-21T21:22:25Z" finished-at="2019-08-21T21:22:25Z">
    <groups>
    </groups>
    <test name="Gradle test" duration-ms="28" started-at="2019-08-21T21:22:25Z" finished-at="2019-08-21T21:22:25Z">
      <class name="ru.nc.pdtb6.sandbox.PointTest1">
        <test-method status="PASS" signature="testArea()[pri:0, instance:ru.nc.pdtb6.sandbox.PointTest1@50fc3417]" name="testArea" duration-ms="13" started-at="2019-08-22T00:22:25Z" finished-at="2019-08-22T00:22:25Z">
          <reporter-output>
          </reporter-output>
        </test-method> <!-- testArea -->
      </class> <!-- ru.nc.pdtb6.sandbox.PointTest1 -->
    </test> <!-- Gradle test -->
  </suite> <!-- Gradle suite -->
</testng-results>
